Release 13.2 - ngc2edif O.61xd (nt64)
Copyright (c) 1995-2011 Xilinx, Inc.  All rights reserved.
Reading design Atlys_Spartan6.ngc ...
WARNING:NetListWriters:298 - No output is written to Atlys_Spartan6.xncf,
   ignored.
Processing design ...
   Preping design's networks ...
   Preping design's macros ...
  finished :Prep
Writing EDIF netlist file Atlys_Spartan6.edif ...
ngc2edif: Total memory usage is 67100 kilobytes

Release 13.2 - ngc2edif O.61xd (nt64)
Copyright (c) 1995-2011 Xilinx, Inc.  All rights reserved.
Reading design ROM_4K.ngc ...
WARNING:NetListWriters:298 - No output is written to ROM_4K.xncf, ignored.
Processing design ...
   Preping design's networks ...
   Preping design's macros ...
  finished :Prep
Writing EDIF netlist file ROM_4K.edif ...
ngc2edif: Total memory usage is 67100 kilobytes

